<?xml version="1.0" encoding="UTF-8"?>
<!-- Generated by org.testng.reporters.JUnitXMLReporter -->
<testsuite ignored="0" hostname="DESKTOP-22VT4IT" failures="0" tests="4" name="chromeTest" time="8.17" errors="0" timestamp="2023-10-20T21:17:10 IST">
  <testcase classname="Com.Test_Class_Sauce_Demo.Test_Base_Class_SauceDemo" name="@BeforeClass openbrowser" time="6.759">
    <failure type="org.openqa.selenium.SessionNotCreatedException" message="session not created: This version of ChromeDriver only supports Chrome version 107
Current browser version is 118.0.5993.89 with binary path C:\Program Files\Google\Chrome\Application\chrome.exe
Build info: version: &amp;apos;3.141.59&amp;apos;, revision: &amp;apos;e82be7d358&amp;apos;, time: &amp;apos;2018-11-14T08:17:03&amp;apos;
System info: host: &amp;apos;DESKTOP-22VT4IT&amp;apos;, ip: &amp;apos;192.168.43.217&amp;apos;, os.name: &amp;apos;Windows 10&amp;apos;, os.arch: &amp;apos;amd64&amp;apos;, os.version: &amp;apos;10.0&amp;apos;, java.version: &amp;apos;15.0.1&amp;apos;
Driver info: driver.version: ChromeDriver
remote stacktrace: Backtrace:
	Ordinal0 [0x0089ACD3+2075859]
	Ordinal0 [0x0082EE61+1633889]
	Ordinal0 [0x0072B7BD+571325]
	Ordinal0 [0x0074DFCD+712653]
	Ordinal0 [0x00749266+692838]
	Ordinal0 [0x00746BE9+682985]
	Ordinal0 [0x0077DBD3+908243]
	Ordinal0 [0x0077D6AA+906922]
	Ordinal0 [0x00777136+880950]
	Ordinal0 [0x0074FEFD+720637]
	Ordinal0 [0x00750F3F+724799]
	GetHandleVerifier [0x00B4EED2+2769538]
	GetHandleVerifier [0x00B40D95+2711877]
	GetHandleVerifier [0x0092A03A+521194]
	GetHandleVerifier [0x00928DA0+516432]
	Ordinal0 [0x0083682C+1665068]
	Ordinal0 [0x0083B128+1683752]
	Ordinal0 [0x0083B215+1683989]
	Ordinal0 [0x00846484+1729668]
	BaseThreadInitThunk [0x7594FCC9+25]
	RtlGetAppContainerNamedObjectPath [0x77A37C6E+286]
	RtlGetAppContainerNamedObjectPath [0x77A37C3E+238]
">
      <![CDATA[org.openqa.selenium.SessionNotCreatedException: session not created: This version of ChromeDriver only supports Chrome version 107
Current browser version is 118.0.5993.89 with binary path C:\Program Files\Google\Chrome\Application\chrome.exe
Build info: version: '3.141.59', revision: 'e82be7d358', time: '2018-11-14T08:17:03'
System info: host: 'DESKTOP-22VT4IT', ip: '192.168.43.217', os.name: 'Windows 10', os.arch: 'amd64', os.version: '10.0', java.version: '15.0.1'
Driver info: driver.version: ChromeDriver
remote stacktrace: Backtrace:
Ordinal0 [0x0089ACD3+2075859]
Ordinal0 [0x0082EE61+1633889]
Ordinal0 [0x0072B7BD+571325]
Ordinal0 [0x0074DFCD+712653]
Ordinal0 [0x00749266+692838]
Ordinal0 [0x00746BE9+682985]
Ordinal0 [0x0077DBD3+908243]
Ordinal0 [0x0077D6AA+906922]
Ordinal0 [0x00777136+880950]
Ordinal0 [0x0074FEFD+720637]
Ordinal0 [0x00750F3F+724799]
GetHandleVerifier [0x00B4EED2+2769538]
GetHandleVerifier [0x00B40D95+2711877]
GetHandleVerifier [0x0092A03A+521194]
GetHandleVerifier [0x00928DA0+516432]
Ordinal0 [0x0083682C+1665068]
Ordinal0 [0x0083B128+1683752]
Ordinal0 [0x0083B215+1683989]
Ordinal0 [0x00846484+1729668]
BaseThreadInitThunk [0x7594FCC9+25]
RtlGetAppContainerNamedObjectPath [0x77A37C6E+286]
RtlGetAppContainerNamedObjectPath [0x77A37C3E+238]

at org.openqa.selenium.remote.W3CHandshakeResponse.lambda$errorHandler$0(W3CHandshakeResponse.java:62)
at org.openqa.selenium.remote.HandshakeResponse.lambda$getResponseFunction$0(HandshakeResponse.java:30)
at org.openqa.selenium.remote.ProtocolHandshake.lambda$createSession$0(ProtocolHandshake.java:126)
at java.base/java.util.stream.ReferencePipeline$3$1.accept(ReferencePipeline.java:195)
at java.base/java.util.Spliterators$ArraySpliterator.tryAdvance(Spliterators.java:958)
at java.base/java.util.stream.ReferencePipeline.forEachWithCancel(ReferencePipeline.java:127)
at java.base/java.util.stream.AbstractPipeline.copyIntoWithCancel(AbstractPipeline.java:502)
at java.base/java.util.stream.AbstractPipeline.copyInto(AbstractPipeline.java:488)
at java.base/java.util.stream.AbstractPipeline.wrapAndCopyInto(AbstractPipeline.java:474)
at java.base/java.util.stream.FindOps$FindOp.evaluateSequential(FindOps.java:150)
at java.base/java.util.stream.AbstractPipeline.evaluate(AbstractPipeline.java:234)
at java.base/java.util.stream.ReferencePipeline.findFirst(ReferencePipeline.java:543)
at org.openqa.selenium.remote.ProtocolHandshake.createSession(ProtocolHandshake.java:128)
at org.openqa.selenium.remote.ProtocolHandshake.createSession(ProtocolHandshake.java:74)
at org.openqa.selenium.remote.HttpCommandExecutor.execute(HttpCommandExecutor.java:136)
at org.openqa.selenium.remote.service.DriverCommandExecutor.execute(DriverCommandExecutor.java:83)
at org.openqa.selenium.remote.RemoteWebDriver.execute(RemoteWebDriver.java:552)
at org.openqa.selenium.remote.RemoteWebDriver.startSession(RemoteWebDriver.java:213)
at org.openqa.selenium.remote.RemoteWebDriver.<init>(RemoteWebDriver.java:131)
at org.openqa.selenium.chrome.ChromeDriver.<init>(ChromeDriver.java:181)
at org.openqa.selenium.chrome.ChromeDriver.<init>(ChromeDriver.java:168)
at org.openqa.selenium.chrome.ChromeDriver.<init>(ChromeDriver.java:123)
at Com.Test_Class_Sauce_Demo.Test_Base_Class_SauceDemo.openbrowser(Test_Base_Class_SauceDemo.java:39)
at java.base/java.util.concurrent.ThreadPoolExecutor.runWorker(ThreadPoolExecutor.java:1130)
at java.base/java.util.concurrent.ThreadPoolExecutor$Worker.run(ThreadPoolExecutor.java:630)
at java.base/java.lang.Thread.run(Thread.java:832)
... Removed 15 stack frames]]>
    </failure>
  </testcase> <!-- @BeforeClass openbrowser -->
  <testcase classname="Com.Test_Class_Sauce_Demo.Test_Base_Class_SauceDemo" name="@BeforeMethod login" time="-1.697816829317E9">
    <skipped/>
  </testcase> <!-- @BeforeMethod login -->
  <testcase classname="Com.Test_Class_Sauce_Demo.Test_Base_Class_SauceDemo" name="@AfterMethod logout" time="-1.69781682937E9">
    <skipped/>
  </testcase> <!-- @AfterMethod logout -->
  <testcase classname="Com.Test_Class_Sauce_Demo.Test_Base_Class_SauceDemo" name="@AfterClass closebrowser" time="-1.69781682938E9">
    <skipped/>
  </testcase> <!-- @AfterClass closebrowser -->
  <testcase classname="Com.Test_Class_Sauce_Demo.Test_Base_Class_SauceDemo" name="@BeforeClass openbrowser" time="7.622">
    <failure type="org.openqa.selenium.SessionNotCreatedException" message="session not created: This version of ChromeDriver only supports Chrome version 107
Current browser version is 118.0.5993.89 with binary path C:\Program Files\Google\Chrome\Application\chrome.exe
Build info: version: &amp;apos;3.141.59&amp;apos;, revision: &amp;apos;e82be7d358&amp;apos;, time: &amp;apos;2018-11-14T08:17:03&amp;apos;
System info: host: &amp;apos;DESKTOP-22VT4IT&amp;apos;, ip: &amp;apos;192.168.43.217&amp;apos;, os.name: &amp;apos;Windows 10&amp;apos;, os.arch: &amp;apos;amd64&amp;apos;, os.version: &amp;apos;10.0&amp;apos;, java.version: &amp;apos;15.0.1&amp;apos;
Driver info: driver.version: ChromeDriver
remote stacktrace: Backtrace:
	Ordinal0 [0x0089ACD3+2075859]
	Ordinal0 [0x0082EE61+1633889]
	Ordinal0 [0x0072B7BD+571325]
	Ordinal0 [0x0074DFCD+712653]
	Ordinal0 [0x00749266+692838]
	Ordinal0 [0x00746BE9+682985]
	Ordinal0 [0x0077DBD3+908243]
	Ordinal0 [0x0077D6AA+906922]
	Ordinal0 [0x00777136+880950]
	Ordinal0 [0x0074FEFD+720637]
	Ordinal0 [0x00750F3F+724799]
	GetHandleVerifier [0x00B4EED2+2769538]
	GetHandleVerifier [0x00B40D95+2711877]
	GetHandleVerifier [0x0092A03A+521194]
	GetHandleVerifier [0x00928DA0+516432]
	Ordinal0 [0x0083682C+1665068]
	Ordinal0 [0x0083B128+1683752]
	Ordinal0 [0x0083B215+1683989]
	Ordinal0 [0x00846484+1729668]
	BaseThreadInitThunk [0x7594FCC9+25]
	RtlGetAppContainerNamedObjectPath [0x77A37C6E+286]
	RtlGetAppContainerNamedObjectPath [0x77A37C3E+238]
">
      <![CDATA[org.openqa.selenium.SessionNotCreatedException: session not created: This version of ChromeDriver only supports Chrome version 107
Current browser version is 118.0.5993.89 with binary path C:\Program Files\Google\Chrome\Application\chrome.exe
Build info: version: '3.141.59', revision: 'e82be7d358', time: '2018-11-14T08:17:03'
System info: host: 'DESKTOP-22VT4IT', ip: '192.168.43.217', os.name: 'Windows 10', os.arch: 'amd64', os.version: '10.0', java.version: '15.0.1'
Driver info: driver.version: ChromeDriver
remote stacktrace: Backtrace:
Ordinal0 [0x0089ACD3+2075859]
Ordinal0 [0x0082EE61+1633889]
Ordinal0 [0x0072B7BD+571325]
Ordinal0 [0x0074DFCD+712653]
Ordinal0 [0x00749266+692838]
Ordinal0 [0x00746BE9+682985]
Ordinal0 [0x0077DBD3+908243]
Ordinal0 [0x0077D6AA+906922]
Ordinal0 [0x00777136+880950]
Ordinal0 [0x0074FEFD+720637]
Ordinal0 [0x00750F3F+724799]
GetHandleVerifier [0x00B4EED2+2769538]
GetHandleVerifier [0x00B40D95+2711877]
GetHandleVerifier [0x0092A03A+521194]
GetHandleVerifier [0x00928DA0+516432]
Ordinal0 [0x0083682C+1665068]
Ordinal0 [0x0083B128+1683752]
Ordinal0 [0x0083B215+1683989]
Ordinal0 [0x00846484+1729668]
BaseThreadInitThunk [0x7594FCC9+25]
RtlGetAppContainerNamedObjectPath [0x77A37C6E+286]
RtlGetAppContainerNamedObjectPath [0x77A37C3E+238]

at org.openqa.selenium.remote.W3CHandshakeResponse.lambda$errorHandler$0(W3CHandshakeResponse.java:62)
at org.openqa.selenium.remote.HandshakeResponse.lambda$getResponseFunction$0(HandshakeResponse.java:30)
at org.openqa.selenium.remote.ProtocolHandshake.lambda$createSession$0(ProtocolHandshake.java:126)
at java.base/java.util.stream.ReferencePipeline$3$1.accept(ReferencePipeline.java:195)
at java.base/java.util.Spliterators$ArraySpliterator.tryAdvance(Spliterators.java:958)
at java.base/java.util.stream.ReferencePipeline.forEachWithCancel(ReferencePipeline.java:127)
at java.base/java.util.stream.AbstractPipeline.copyIntoWithCancel(AbstractPipeline.java:502)
at java.base/java.util.stream.AbstractPipeline.copyInto(AbstractPipeline.java:488)
at java.base/java.util.stream.AbstractPipeline.wrapAndCopyInto(AbstractPipeline.java:474)
at java.base/java.util.stream.FindOps$FindOp.evaluateSequential(FindOps.java:150)
at java.base/java.util.stream.AbstractPipeline.evaluate(AbstractPipeline.java:234)
at java.base/java.util.stream.ReferencePipeline.findFirst(ReferencePipeline.java:543)
at org.openqa.selenium.remote.ProtocolHandshake.createSession(ProtocolHandshake.java:128)
at org.openqa.selenium.remote.ProtocolHandshake.createSession(ProtocolHandshake.java:74)
at org.openqa.selenium.remote.HttpCommandExecutor.execute(HttpCommandExecutor.java:136)
at org.openqa.selenium.remote.service.DriverCommandExecutor.execute(DriverCommandExecutor.java:83)
at org.openqa.selenium.remote.RemoteWebDriver.execute(RemoteWebDriver.java:552)
at org.openqa.selenium.remote.RemoteWebDriver.startSession(RemoteWebDriver.java:213)
at org.openqa.selenium.remote.RemoteWebDriver.<init>(RemoteWebDriver.java:131)
at org.openqa.selenium.chrome.ChromeDriver.<init>(ChromeDriver.java:181)
at org.openqa.selenium.chrome.ChromeDriver.<init>(ChromeDriver.java:168)
at org.openqa.selenium.chrome.ChromeDriver.<init>(ChromeDriver.java:123)
at Com.Test_Class_Sauce_Demo.Test_Base_Class_SauceDemo.openbrowser(Test_Base_Class_SauceDemo.java:39)
at java.base/java.util.concurrent.ThreadPoolExecutor.runWorker(ThreadPoolExecutor.java:1130)
at java.base/java.util.concurrent.ThreadPoolExecutor$Worker.run(ThreadPoolExecutor.java:630)
at java.base/java.lang.Thread.run(Thread.java:832)
... Removed 15 stack frames]]>
    </failure>
  </testcase> <!-- @BeforeClass openbrowser -->
  <testcase classname="Com.Test_Class_Sauce_Demo.Test_Base_Class_SauceDemo" name="@BeforeMethod login" time="-1.697816830032E9">
    <skipped/>
  </testcase> <!-- @BeforeMethod login -->
  <testcase classname="Com.Test_Class_Sauce_Demo.Test_Base_Class_SauceDemo" name="@AfterMethod logout" time="-1.697816830046E9">
    <skipped/>
  </testcase> <!-- @AfterMethod logout -->
  <testcase classname="Com.Test_Class_Sauce_Demo.Test_Base_Class_SauceDemo" name="@AfterClass closebrowser" time="-1.697816830054E9">
    <skipped/>
  </testcase> <!-- @AfterClass closebrowser -->
  <testcase classname="Com.Test_Class_Sauce_Demo.Test_Base_Class_SauceDemo" name="@BeforeClass openbrowser" time="7.872">
    <failure type="org.openqa.selenium.SessionNotCreatedException" message="session not created: This version of ChromeDriver only supports Chrome version 107
Current browser version is 118.0.5993.89 with binary path C:\Program Files\Google\Chrome\Application\chrome.exe
Build info: version: &amp;apos;3.141.59&amp;apos;, revision: &amp;apos;e82be7d358&amp;apos;, time: &amp;apos;2018-11-14T08:17:03&amp;apos;
System info: host: &amp;apos;DESKTOP-22VT4IT&amp;apos;, ip: &amp;apos;192.168.43.217&amp;apos;, os.name: &amp;apos;Windows 10&amp;apos;, os.arch: &amp;apos;amd64&amp;apos;, os.version: &amp;apos;10.0&amp;apos;, java.version: &amp;apos;15.0.1&amp;apos;
Driver info: driver.version: ChromeDriver
remote stacktrace: Backtrace:
	Ordinal0 [0x0089ACD3+2075859]
	Ordinal0 [0x0082EE61+1633889]
	Ordinal0 [0x0072B7BD+571325]
	Ordinal0 [0x0074DFCD+712653]
	Ordinal0 [0x00749266+692838]
	Ordinal0 [0x00746BE9+682985]
	Ordinal0 [0x0077DBD3+908243]
	Ordinal0 [0x0077D6AA+906922]
	Ordinal0 [0x00777136+880950]
	Ordinal0 [0x0074FEFD+720637]
	Ordinal0 [0x00750F3F+724799]
	GetHandleVerifier [0x00B4EED2+2769538]
	GetHandleVerifier [0x00B40D95+2711877]
	GetHandleVerifier [0x0092A03A+521194]
	GetHandleVerifier [0x00928DA0+516432]
	Ordinal0 [0x0083682C+1665068]
	Ordinal0 [0x0083B128+1683752]
	Ordinal0 [0x0083B215+1683989]
	Ordinal0 [0x00846484+1729668]
	BaseThreadInitThunk [0x7594FCC9+25]
	RtlGetAppContainerNamedObjectPath [0x77A37C6E+286]
	RtlGetAppContainerNamedObjectPath [0x77A37C3E+238]
">
      <![CDATA[org.openqa.selenium.SessionNotCreatedException: session not created: This version of ChromeDriver only supports Chrome version 107
Current browser version is 118.0.5993.89 with binary path C:\Program Files\Google\Chrome\Application\chrome.exe
Build info: version: '3.141.59', revision: 'e82be7d358', time: '2018-11-14T08:17:03'
System info: host: 'DESKTOP-22VT4IT', ip: '192.168.43.217', os.name: 'Windows 10', os.arch: 'amd64', os.version: '10.0', java.version: '15.0.1'
Driver info: driver.version: ChromeDriver
remote stacktrace: Backtrace:
Ordinal0 [0x0089ACD3+2075859]
Ordinal0 [0x0082EE61+1633889]
Ordinal0 [0x0072B7BD+571325]
Ordinal0 [0x0074DFCD+712653]
Ordinal0 [0x00749266+692838]
Ordinal0 [0x00746BE9+682985]
Ordinal0 [0x0077DBD3+908243]
Ordinal0 [0x0077D6AA+906922]
Ordinal0 [0x00777136+880950]
Ordinal0 [0x0074FEFD+720637]
Ordinal0 [0x00750F3F+724799]
GetHandleVerifier [0x00B4EED2+2769538]
GetHandleVerifier [0x00B40D95+2711877]
GetHandleVerifier [0x0092A03A+521194]
GetHandleVerifier [0x00928DA0+516432]
Ordinal0 [0x0083682C+1665068]
Ordinal0 [0x0083B128+1683752]
Ordinal0 [0x0083B215+1683989]
Ordinal0 [0x00846484+1729668]
BaseThreadInitThunk [0x7594FCC9+25]
RtlGetAppContainerNamedObjectPath [0x77A37C6E+286]
RtlGetAppContainerNamedObjectPath [0x77A37C3E+238]

at org.openqa.selenium.remote.W3CHandshakeResponse.lambda$errorHandler$0(W3CHandshakeResponse.java:62)
at org.openqa.selenium.remote.HandshakeResponse.lambda$getResponseFunction$0(HandshakeResponse.java:30)
at org.openqa.selenium.remote.ProtocolHandshake.lambda$createSession$0(ProtocolHandshake.java:126)
at java.base/java.util.stream.ReferencePipeline$3$1.accept(ReferencePipeline.java:195)
at java.base/java.util.Spliterators$ArraySpliterator.tryAdvance(Spliterators.java:958)
at java.base/java.util.stream.ReferencePipeline.forEachWithCancel(ReferencePipeline.java:127)
at java.base/java.util.stream.AbstractPipeline.copyIntoWithCancel(AbstractPipeline.java:502)
at java.base/java.util.stream.AbstractPipeline.copyInto(AbstractPipeline.java:488)
at java.base/java.util.stream.AbstractPipeline.wrapAndCopyInto(AbstractPipeline.java:474)
at java.base/java.util.stream.FindOps$FindOp.evaluateSequential(FindOps.java:150)
at java.base/java.util.stream.AbstractPipeline.evaluate(AbstractPipeline.java:234)
at java.base/java.util.stream.ReferencePipeline.findFirst(ReferencePipeline.java:543)
at org.openqa.selenium.remote.ProtocolHandshake.createSession(ProtocolHandshake.java:128)
at org.openqa.selenium.remote.ProtocolHandshake.createSession(ProtocolHandshake.java:74)
at org.openqa.selenium.remote.HttpCommandExecutor.execute(HttpCommandExecutor.java:136)
at org.openqa.selenium.remote.service.DriverCommandExecutor.execute(DriverCommandExecutor.java:83)
at org.openqa.selenium.remote.RemoteWebDriver.execute(RemoteWebDriver.java:552)
at org.openqa.selenium.remote.RemoteWebDriver.startSession(RemoteWebDriver.java:213)
at org.openqa.selenium.remote.RemoteWebDriver.<init>(RemoteWebDriver.java:131)
at org.openqa.selenium.chrome.ChromeDriver.<init>(ChromeDriver.java:181)
at org.openqa.selenium.chrome.ChromeDriver.<init>(ChromeDriver.java:168)
at org.openqa.selenium.chrome.ChromeDriver.<init>(ChromeDriver.java:123)
at Com.Test_Class_Sauce_Demo.Test_Base_Class_SauceDemo.openbrowser(Test_Base_Class_SauceDemo.java:39)
at java.base/java.util.concurrent.ThreadPoolExecutor.runWorker(ThreadPoolExecutor.java:1130)
at java.base/java.util.concurrent.ThreadPoolExecutor$Worker.run(ThreadPoolExecutor.java:630)
at java.base/java.lang.Thread.run(Thread.java:832)
... Removed 15 stack frames]]>
    </failure>
  </testcase> <!-- @BeforeClass openbrowser -->
  <testcase classname="Com.Test_Class_Sauce_Demo.Test_Base_Class_SauceDemo" name="@BeforeMethod login" time="-1.697816830286E9">
    <skipped/>
  </testcase> <!-- @BeforeMethod login -->
  <testcase classname="Com.Test_Class_Sauce_Demo.Test_Base_Class_SauceDemo" name="@AfterMethod logout" time="-1.697816830311E9">
    <skipped/>
  </testcase> <!-- @AfterMethod logout -->
  <testcase classname="Com.Test_Class_Sauce_Demo.Test_Base_Class_SauceDemo" name="@AfterClass closebrowser" time="-1.697816830317E9">
    <skipped/>
  </testcase> <!-- @AfterClass closebrowser -->
  <testcase classname="Com.Test_Class_Sauce_Demo.Test_Base_Class_SauceDemo" name="@BeforeClass openbrowser" time="8.07">
    <failure type="org.openqa.selenium.SessionNotCreatedException" message="session not created: This version of ChromeDriver only supports Chrome version 107
Current browser version is 118.0.5993.89 with binary path C:\Program Files\Google\Chrome\Application\chrome.exe
Build info: version: &amp;apos;3.141.59&amp;apos;, revision: &amp;apos;e82be7d358&amp;apos;, time: &amp;apos;2018-11-14T08:17:03&amp;apos;
System info: host: &amp;apos;DESKTOP-22VT4IT&amp;apos;, ip: &amp;apos;192.168.43.217&amp;apos;, os.name: &amp;apos;Windows 10&amp;apos;, os.arch: &amp;apos;amd64&amp;apos;, os.version: &amp;apos;10.0&amp;apos;, java.version: &amp;apos;15.0.1&amp;apos;
Driver info: driver.version: ChromeDriver
remote stacktrace: Backtrace:
	Ordinal0 [0x0089ACD3+2075859]
	Ordinal0 [0x0082EE61+1633889]
	Ordinal0 [0x0072B7BD+571325]
	Ordinal0 [0x0074DFCD+712653]
	Ordinal0 [0x00749266+692838]
	Ordinal0 [0x00746BE9+682985]
	Ordinal0 [0x0077DBD3+908243]
	Ordinal0 [0x0077D6AA+906922]
	Ordinal0 [0x00777136+880950]
	Ordinal0 [0x0074FEFD+720637]
	Ordinal0 [0x00750F3F+724799]
	GetHandleVerifier [0x00B4EED2+2769538]
	GetHandleVerifier [0x00B40D95+2711877]
	GetHandleVerifier [0x0092A03A+521194]
	GetHandleVerifier [0x00928DA0+516432]
	Ordinal0 [0x0083682C+1665068]
	Ordinal0 [0x0083B128+1683752]
	Ordinal0 [0x0083B215+1683989]
	Ordinal0 [0x00846484+1729668]
	BaseThreadInitThunk [0x7594FCC9+25]
	RtlGetAppContainerNamedObjectPath [0x77A37C6E+286]
	RtlGetAppContainerNamedObjectPath [0x77A37C3E+238]
">
      <![CDATA[org.openqa.selenium.SessionNotCreatedException: session not created: This version of ChromeDriver only supports Chrome version 107
Current browser version is 118.0.5993.89 with binary path C:\Program Files\Google\Chrome\Application\chrome.exe
Build info: version: '3.141.59', revision: 'e82be7d358', time: '2018-11-14T08:17:03'
System info: host: 'DESKTOP-22VT4IT', ip: '192.168.43.217', os.name: 'Windows 10', os.arch: 'amd64', os.version: '10.0', java.version: '15.0.1'
Driver info: driver.version: ChromeDriver
remote stacktrace: Backtrace:
Ordinal0 [0x0089ACD3+2075859]
Ordinal0 [0x0082EE61+1633889]
Ordinal0 [0x0072B7BD+571325]
Ordinal0 [0x0074DFCD+712653]
Ordinal0 [0x00749266+692838]
Ordinal0 [0x00746BE9+682985]
Ordinal0 [0x0077DBD3+908243]
Ordinal0 [0x0077D6AA+906922]
Ordinal0 [0x00777136+880950]
Ordinal0 [0x0074FEFD+720637]
Ordinal0 [0x00750F3F+724799]
GetHandleVerifier [0x00B4EED2+2769538]
GetHandleVerifier [0x00B40D95+2711877]
GetHandleVerifier [0x0092A03A+521194]
GetHandleVerifier [0x00928DA0+516432]
Ordinal0 [0x0083682C+1665068]
Ordinal0 [0x0083B128+1683752]
Ordinal0 [0x0083B215+1683989]
Ordinal0 [0x00846484+1729668]
BaseThreadInitThunk [0x7594FCC9+25]
RtlGetAppContainerNamedObjectPath [0x77A37C6E+286]
RtlGetAppContainerNamedObjectPath [0x77A37C3E+238]

at org.openqa.selenium.remote.W3CHandshakeResponse.lambda$errorHandler$0(W3CHandshakeResponse.java:62)
at org.openqa.selenium.remote.HandshakeResponse.lambda$getResponseFunction$0(HandshakeResponse.java:30)
at org.openqa.selenium.remote.ProtocolHandshake.lambda$createSession$0(ProtocolHandshake.java:126)
at java.base/java.util.stream.ReferencePipeline$3$1.accept(ReferencePipeline.java:195)
at java.base/java.util.Spliterators$ArraySpliterator.tryAdvance(Spliterators.java:958)
at java.base/java.util.stream.ReferencePipeline.forEachWithCancel(ReferencePipeline.java:127)
at java.base/java.util.stream.AbstractPipeline.copyIntoWithCancel(AbstractPipeline.java:502)
at java.base/java.util.stream.AbstractPipeline.copyInto(AbstractPipeline.java:488)
at java.base/java.util.stream.AbstractPipeline.wrapAndCopyInto(AbstractPipeline.java:474)
at java.base/java.util.stream.FindOps$FindOp.evaluateSequential(FindOps.java:150)
at java.base/java.util.stream.AbstractPipeline.evaluate(AbstractPipeline.java:234)
at java.base/java.util.stream.ReferencePipeline.findFirst(ReferencePipeline.java:543)
at org.openqa.selenium.remote.ProtocolHandshake.createSession(ProtocolHandshake.java:128)
at org.openqa.selenium.remote.ProtocolHandshake.createSession(ProtocolHandshake.java:74)
at org.openqa.selenium.remote.HttpCommandExecutor.execute(HttpCommandExecutor.java:136)
at org.openqa.selenium.remote.service.DriverCommandExecutor.execute(DriverCommandExecutor.java:83)
at org.openqa.selenium.remote.RemoteWebDriver.execute(RemoteWebDriver.java:552)
at org.openqa.selenium.remote.RemoteWebDriver.startSession(RemoteWebDriver.java:213)
at org.openqa.selenium.remote.RemoteWebDriver.<init>(RemoteWebDriver.java:131)
at org.openqa.selenium.chrome.ChromeDriver.<init>(ChromeDriver.java:181)
at org.openqa.selenium.chrome.ChromeDriver.<init>(ChromeDriver.java:168)
at org.openqa.selenium.chrome.ChromeDriver.<init>(ChromeDriver.java:123)
at Com.Test_Class_Sauce_Demo.Test_Base_Class_SauceDemo.openbrowser(Test_Base_Class_SauceDemo.java:39)
at java.base/java.util.concurrent.ThreadPoolExecutor.runWorker(ThreadPoolExecutor.java:1130)
at java.base/java.util.concurrent.ThreadPoolExecutor$Worker.run(ThreadPoolExecutor.java:630)
at java.base/java.lang.Thread.run(Thread.java:832)
... Removed 15 stack frames]]>
    </failure>
  </testcase> <!-- @BeforeClass openbrowser -->
  <testcase classname="Com.Test_Class_Sauce_Demo.Test_Base_Class_SauceDemo" name="@BeforeMethod login" time="-1.697816830476E9">
    <skipped/>
  </testcase> <!-- @BeforeMethod login -->
  <testcase classname="Com.Test_Class_Sauce_Demo.Test_Base_Class_SauceDemo" name="@AfterMethod logout" time="-1.697816830493E9">
    <skipped/>
  </testcase> <!-- @AfterMethod logout -->
  <testcase classname="Com.Test_Class_Sauce_Demo.Test_Base_Class_SauceDemo" name="@AfterClass closebrowser" time="-1.697816830498E9">
    <skipped/>
  </testcase> <!-- @AfterClass closebrowser -->
  <testcase classname="Com.Test_Class_Sauce_Demo.TC_04_VerifyProductbuy_SauceDemo" name="checkout" time="0.0">
    <skipped/>
  </testcase> <!-- checkout -->
  <testcase classname="Com.Test_Class_Sauce_Demo.TC_02_VerifyAddtoCartFunctionalityof_SauceDemo" name="addtocart" time="0.0">
    <skipped/>
  </testcase> <!-- addtocart -->
  <testcase classname="Com.Test_Class_Sauce_Demo.TC_03_VerifyAddCartFunctionality_SauceDemo" name="allproduct" time="0.0">
    <skipped/>
  </testcase> <!-- allproduct -->
  <testcase classname="Com.Test_Class_Sauce_Demo.TC_01_VerifyLoginFunctionality_Using_Assertion" name="saucedemologin" time="0.0">
    <skipped/>
  </testcase> <!-- saucedemologin -->
</testsuite> <!-- chromeTest -->
