<?xml version="1.0" encoding="UTF-8"?>
<!-- Generated by org.testng.reporters.JUnitXMLReporter -->
<testsuite ignored="0" hostname="DESKTOP-22VT4IT" failures="0" tests="1" name="Default test(failed)(failed)" time="0.126" errors="0" timestamp="2022-11-24T15:29:12 IST">
  <testcase classname="Com.Test_Class_Sauce_Demo.Test_Base_Class_SauceDemo" name="@BeforeClass openbrowser" time="-1.669283952194E9">
    <failure type="org.testng.TestNGException" message="
Parameter &amp;apos;browserName&amp;apos; is required by BeforeClass on method openbrowser but has not been marked @Optional or defined
in C:\Users\Pankaj\git\repository\Sauce_Demo_Project1\test-output\testng-failed.xml">
      <![CDATA[org.testng.TestNGException: 
Parameter 'browserName' is required by BeforeClass on method openbrowser but has not been marked @Optional or defined
in C:\Users\Pankaj\git\repository\Sauce_Demo_Project1\test-output\testng-failed.xml
at java.base/java.util.ArrayList.forEach(ArrayList.java:1511)
... Removed 22 stack frames]]>
    </failure>
  </testcase> <!-- @BeforeClass openbrowser -->
  <testcase classname="Com.Test_Class_Sauce_Demo.Test_Base_Class_SauceDemo" name="@BeforeMethod login" time="-1.669283952239E9">
    <skipped/>
  </testcase> <!-- @BeforeMethod login -->
  <testcase classname="Com.Test_Class_Sauce_Demo.Test_Base_Class_SauceDemo" name="@AfterMethod logout" time="-1.669283952267E9">
    <skipped/>
  </testcase> <!-- @AfterMethod logout -->
  <testcase classname="Com.Test_Class_Sauce_Demo.Test_Base_Class_SauceDemo" name="@AfterClass closebrowser" time="-1.669283952278E9">
    <skipped/>
  </testcase> <!-- @AfterClass closebrowser -->
  <testcase classname="Com.Test_Class_Sauce_Demo.TC_01_VerifyLoginFunctionality_Using_Assertion" name="saucedemologin" time="0.0">
    <skipped/>
  </testcase> <!-- saucedemologin -->
</testsuite> <!-- Default test(failed)(failed) -->
